Build started 20.10.2012 22:45:46.
Project "Z:\Downloads\naviserver-4.99.4\win\nsthread\nsthread.vcxproj" on node 2 (Build target(s)).
ClCompile:
  C:\Program Files (x86)\Microsoft Visual Studio 11.0\VC\bin\x86_amd64\CL.exe /c /I..\..\include /IC:\tcl8.5.12\generic /Zi /nologo /W3 /WX- /O2 /Ob1 /D _WINDOWS /D _USRDLL /D NSTHREAD_EXPORTS /D TCL_THREADS=1 /D NDEBUG /D WIN32 /D _MBCS /D FD_SETSIZE=128 /D NO_CONST=1 /GF /Gm- /EHsc /MD /GS /Gy /fp:precise /Zc:wchar_t /Zc:forScope /Fo".\Release/" /Fd".\Release/vc110.pdb" /Gd /TC /errorReport:prompt ..\..\nsthread\cslock.c ..\..\nsthread\error.c ..\..\nsthread\master.c ..\..\nsthread\memory.c ..\..\nsthread\mutex.c ..\..\nsthread\reentrant.c ..\..\nsthread\rwlock.c ..\..\nsthread\sema.c ..\..\nsthread\thread.c ..\..\nsthread\time.c ..\..\nsthread\tls.c ..\..\nsthread\winthread.c
  cslock.c
Z:\Downloads\naviserver-4.99.4\include\nsthread.h(116): warning C4005: 'ftruncate' : macro redefinition
          z:\downloads\naviserver-4.99.4\include\ws64ustd.h(32) : see previous definition of 'ftruncate'
Z:\Downloads\naviserver-4.99.4\include\nsthread.h(272): fatal error C1083: Cannot open include file: 'tcl.h': No such file or directory
  error.c
Z:\Downloads\naviserver-4.99.4\include\nsthread.h(116): warning C4005: 'ftruncate' : macro redefinition
          z:\downloads\naviserver-4.99.4\include\ws64ustd.h(32) : see previous definition of 'ftruncate'
Z:\Downloads\naviserver-4.99.4\include\nsthread.h(272): fatal error C1083: Cannot open include file: 'tcl.h': No such file or directory
  master.c
Z:\Downloads\naviserver-4.99.4\include\nsthread.h(116): warning C4005: 'ftruncate' : macro redefinition
          z:\downloads\naviserver-4.99.4\include\ws64ustd.h(32) : see previous definition of 'ftruncate'
Z:\Downloads\naviserver-4.99.4\include\nsthread.h(272): fatal error C1083: Cannot open include file: 'tcl.h': No such file or directory
  memory.c
Z:\Downloads\naviserver-4.99.4\include\nsthread.h(116): warning C4005: 'ftruncate' : macro redefinition
          z:\downloads\naviserver-4.99.4\include\ws64ustd.h(32) : see previous definition of 'ftruncate'
Z:\Downloads\naviserver-4.99.4\include\nsthread.h(272): fatal error C1083: Cannot open include file: 'tcl.h': No such file or directory
  mutex.c
Z:\Downloads\naviserver-4.99.4\include\nsthread.h(116): warning C4005: 'ftruncate' : macro redefinition
          z:\downloads\naviserver-4.99.4\include\ws64ustd.h(32) : see previous definition of 'ftruncate'
Z:\Downloads\naviserver-4.99.4\include\nsthread.h(272): fatal error C1083: Cannot open include file: 'tcl.h': No such file or directory
  reentrant.c
Z:\Downloads\naviserver-4.99.4\include\nsthread.h(116): warning C4005: 'ftruncate' : macro redefinition
          z:\downloads\naviserver-4.99.4\include\ws64ustd.h(32) : see previous definition of 'ftruncate'
Z:\Downloads\naviserver-4.99.4\include\nsthread.h(272): fatal error C1083: Cannot open include file: 'tcl.h': No such file or directory
  rwlock.c
Z:\Downloads\naviserver-4.99.4\include\nsthread.h(116): warning C4005: 'ftruncate' : macro redefinition
          z:\downloads\naviserver-4.99.4\include\ws64ustd.h(32) : see previous definition of 'ftruncate'
Z:\Downloads\naviserver-4.99.4\include\nsthread.h(272): fatal error C1083: Cannot open include file: 'tcl.h': No such file or directory
  sema.c
Z:\Downloads\naviserver-4.99.4\include\nsthread.h(116): warning C4005: 'ftruncate' : macro redefinition
          z:\downloads\naviserver-4.99.4\include\ws64ustd.h(32) : see previous definition of 'ftruncate'
Z:\Downloads\naviserver-4.99.4\include\nsthread.h(272): fatal error C1083: Cannot open include file: 'tcl.h': No such file or directory
  thread.c
Z:\Downloads\naviserver-4.99.4\include\nsthread.h(116): warning C4005: 'ftruncate' : macro redefinition
          z:\downloads\naviserver-4.99.4\include\ws64ustd.h(32) : see previous definition of 'ftruncate'
Z:\Downloads\naviserver-4.99.4\include\nsthread.h(272): fatal error C1083: Cannot open include file: 'tcl.h': No such file or directory
  time.c
Z:\Downloads\naviserver-4.99.4\include\nsthread.h(116): warning C4005: 'ftruncate' : macro redefinition
          z:\downloads\naviserver-4.99.4\include\ws64ustd.h(32) : see previous definition of 'ftruncate'
Z:\Downloads\naviserver-4.99.4\include\nsthread.h(272): fatal error C1083: Cannot open include file: 'tcl.h': No such file or directory
  tls.c
Z:\Downloads\naviserver-4.99.4\include\nsthread.h(116): warning C4005: 'ftruncate' : macro redefinition
          z:\downloads\naviserver-4.99.4\include\ws64ustd.h(32) : see previous definition of 'ftruncate'
Z:\Downloads\naviserver-4.99.4\include\nsthread.h(272): fatal error C1083: Cannot open include file: 'tcl.h': No such file or directory
  winthread.c
Z:\Downloads\naviserver-4.99.4\include\nsthread.h(116): warning C4005: 'ftruncate' : macro redefinition
          z:\downloads\naviserver-4.99.4\include\ws64ustd.h(32) : see previous definition of 'ftruncate'
Z:\Downloads\naviserver-4.99.4\include\nsthread.h(272): fatal error C1083: Cannot open include file: 'tcl.h': No such file or directory
  Generating Code...
Done Building Project "Z:\Downloads\naviserver-4.99.4\win\nsthread\nsthread.vcxproj" (Build target(s)) -- FAILED.

Build FAILED.

Time Elapsed 00:00:17.94
